yarn run v1.22.10
$ node src/app.js ./nohup/log.json
> beefy-api running! (:3000)
> updating amm prices
Unknown token 'BTCB'. Consider adding it to .json file
Unknown token 'WBNB'. Consider adding it to .json file
> updated amm prices
> updating apys
ester-ftm 0 0 822662.24656873539590717347 0
ester-est 4.05912075235484538184 46.2768174749356 136642.75650163044827763735 554649.44857473812554472727
spirit-spirit 3.96740885600727589454 3.96740885600727589454 13899655.71771619812296789782 55145617.18991941295685663717
price: boo-bnb-ftm : 37
price: boo-usdt-ftm : 1764218.04
price: boo-cover-ftm : 35.83
price: boo-link-ftm : 11.3
price: boo-cream-ftm : 20.45
price: boo-eth-ftm : 97.2
price: ester-est-ftm : 3.42
ester-est-ftm 10.93080399961400486159 29507.361579777382 507418.71192121296945672396 5546494.48574738125544727273
price: boo-ftm-usdc : 1837991.91
price: boo-yfi-ftm : 469.02
price: boo-woofy-ftm : 477.01
price: boo-crv-ftm : 3.19
price: spirit-ftm-usdc : 1840881.88
spirit-ftm-usdc 0.89010137856440601814 0.89010137856440601814 12390862.10131718889599797252 11029123.43798388259137132743
price: boo-btc-ftm : 6781666753.7
price: spirit-ftm-weth : 97.42
spirit-ftm-weth 0.87562098565082058235 0.87562098565082058235 12595773.30685638384134674894 11029123.43798388259137132743
price: boo-aave-ftm : 42.23
price: boo-snx-ftm : 8.27
price: spirit-ftm-spirit : 1.08
spirit-ftm-spirit 2.58044224774830114013 2.58044224774830114013 21370607.01049968639957671028 55145617.18991941295685663717
price: boo-boo-ftm : 7.21
price: spirit-ftm-wbtc : 36066625.85
spirit-ftm-wbtc 1.14920177431927027843 1.14920177431927027843 9597203.62815919279713583135 11029123.43798388259137132743
> updated apys
> updating earnings
chainId: 56
